<?xml version="1.0" encoding="UTF-8"?>
<!-- Generated by org.testng.reporters.JUnitXMLReporter -->
<testsuite ignored="3" hostname="DESKTOP-8D6P142" failures="0" tests="1" name="Default test" time="19.962" errors="0" timestamp="2024-12-16T09:29:51 AST">
  <testcase classname="My_Test_n" name="AddItemToThecart" time="18.069"/>
  <testcase classname="My_Test_n" name="Login" time="0.0">
    <ignored/>
  </testcase> <!-- Login -->
  <testcase classname="My_Test_n" name="signUp" time="0.0">
    <ignored/>
  </testcase> <!-- signUp -->
  <testcase classname="My_Test_n" name="Logout" time="0.0">
    <ignored/>
  </testcase> <!-- Logout -->
</testsuite> <!-- Default test -->
