<?xml version="1.0" encoding="UTF-8"?>
<testng-results ignored="3" total="4" passed="1" failed="0" skipped="0">
  <reporter-output>
  </reporter-output>
  <suite started-at="2024-12-16T09:29:31 AST" name="Default suite" finished-at="2024-12-16T09:29:51 AST" duration-ms="19962">
    <groups>
    </groups>
    <test started-at="2024-12-16T09:29:31 AST" name="Default test" finished-at="2024-12-16T09:29:51 AST" duration-ms="19962">
      <class name="My_Test_n">
        <test-method is-config="true" signature="mySetup()[pri:0, instance:My_Test_n@6e35bc3d]" started-at="2024-12-16T09:29:31 AST" name="mySetup" finished-at="2024-12-16T09:29:32 AST" duration-ms="1848" status="PASS">
          <reporter-output>
          </reporter-output>
        </test-method> <!-- mySetup -->
        <test-method signature="AddItemToThecart()[pri:4, instance:My_Test_n@6e35bc3d]" started-at="2024-12-16T09:29:32 AST" name="AddItemToThecart" finished-at="2024-12-16T09:29:51 AST" duration-ms="18069" status="PASS">
          <reporter-output>
          </reporter-output>
        </test-method> <!-- AddItemToThecart -->
      </class> <!-- My_Test_n -->
    </test> <!-- Default test -->
  </suite> <!-- Default suite -->
</testng-results>
